2024-09-12 17:55:06,836 INFO: Redaction tool startup [in /Users/joshpenzell/Documents/APPS/redaction_tool/app.py:28]
2024-09-12 17:55:54,953 INFO: Redaction tool startup [in /Users/joshpenzell/Documents/APPS/redaction_tool/app.py:28]
2024-09-12 17:55:55,720 INFO: Redaction tool startup [in /Users/joshpenzell/Documents/APPS/redaction_tool/app.py:28]
2024-09-12 17:56:07,914 INFO: File uploaded: Spoofed_MultiNationalCompany_RFP.docx [in /Users/joshpenzell/Documents/APPS/redaction_tool/app.py:55]
2024-09-12 17:56:34,929 INFO: File redacted: 71dceff0-1beb-4678-871f-e1782b154834_Spoofed_MultiNationalCompany_RFP.docx [in /Users/joshpenzell/Documents/APPS/redaction_tool/app.py:236]
2024-09-12 18:28:05,990 INFO: Redaction tool startup [in /Users/joshpenzell/Documents/APPS/redaction_tool/app.py:28]
2024-09-12 18:28:11,189 INFO: Redaction tool startup [in /Users/joshpenzell/Documents/APPS/redaction_tool/app.py:28]
2024-09-12 18:29:23,377 INFO: File uploaded: Spoofed_MultiNationalCompany_RFP.docx [in /Users/joshpenzell/Documents/APPS/redaction_tool/app.py:50]
2024-09-12 18:29:37,707 INFO: File redacted: 9d510f20-3d43-4201-83cc-d8eb3c08cdf7_Spoofed_MultiNationalCompany_RFP.docx [in /Users/joshpenzell/Documents/APPS/redaction_tool/app.py:235]
2024-09-12 18:32:04,397 INFO: Redaction tool startup [in /Users/joshpenzell/Documents/APPS/redaction_tool/app.py:28]
2024-09-12 18:32:08,806 INFO: Redaction tool startup [in /Users/joshpenzell/Documents/APPS/redaction_tool/app.py:28]
2024-09-13 09:36:47,213 INFO: File uploaded: Spoofed_GOV_RFP.docx [in /Users/joshpenzell/Documents/APPS/redaction_tool/app.py:50]
2024-09-13 09:37:41,563 WARNING: Redaction key not found in suggestions: .
35% [in /Users/joshpenzell/Documents/APPS/redaction_tool/app.py:117]
2024-09-13 09:38:01,205 INFO: File redacted: a1a7d44b-385f-45df-8165-803b010b2628_Spoofed_GOV_RFP.docx [in /Users/joshpenzell/Documents/APPS/redaction_tool/app.py:235]
2024-09-13 16:14:38,028 INFO: Redaction tool startup [in /Users/joshpenzell/Documents/APPS/redaction_tool/app.py:28]
2024-09-13 16:14:43,755 INFO: Redaction tool startup [in /Users/joshpenzell/Documents/APPS/redaction_tool/app.py:28]
2024-09-13 16:15:48,490 INFO: File uploaded: Spoofed_MultiNationalCompany_RFP.docx [in /Users/joshpenzell/Documents/APPS/redaction_tool/app.py:50]
2024-09-13 16:20:40,101 INFO: Redaction tool startup [in /Users/joshpenzell/Documents/APPS/redaction_tool/app.py:28]
2024-09-13 16:20:45,809 INFO: Redaction tool startup [in /Users/joshpenzell/Documents/APPS/redaction_tool/app.py:28]
2024-09-13 16:21:04,013 INFO: File uploaded: Spoofed_GOV_RFP.docx [in /Users/joshpenzell/Documents/APPS/redaction_tool/app.py:50]
2024-09-13 16:23:54,366 INFO: Redaction tool startup [in /Users/joshpenzell/Documents/APPS/redaction_tool/app.py:28]
2024-09-13 16:24:00,215 INFO: Redaction tool startup [in /Users/joshpenzell/Documents/APPS/redaction_tool/app.py:28]
2024-09-13 16:24:14,548 INFO: File uploaded: Spoofed_MultiNationalCompany_RFP.docx [in /Users/joshpenzell/Documents/APPS/redaction_tool/app.py:50]
2024-09-13 16:30:38,732 INFO: Redaction tool startup [in /Users/joshpenzell/Documents/APPS/redaction_tool/app.py:28]
2024-09-13 16:33:59,559 INFO: Redaction tool startup [in /Users/joshpenzell/Documents/APPS/redaction_tool/app.py:28]
2024-09-13 16:34:05,795 INFO: Redaction tool startup [in /Users/joshpenzell/Documents/APPS/redaction_tool/app.py:28]
2024-09-13 16:34:20,087 INFO: File uploaded: Spoofed_TenderBrief.docx [in /Users/joshpenzell/Documents/APPS/redaction_tool/app.py:50]
2024-09-13 16:34:55,710 WARNING: Redaction key not found in suggestions: Paws
Pause 4 Paws [in /Users/joshpenzell/Documents/APPS/redaction_tool/app.py:124]
2024-09-13 16:35:04,299 INFO: File redacted: 70e503d6-52c8-41ca-8bfb-e0b4c8a0a3a9_Spoofed_TenderBrief.docx [in /Users/joshpenzell/Documents/APPS/redaction_tool/app.py:231]
2024-09-16 12:24:03,591 INFO: Redaction tool startup [in /Users/joshpenzell/Documents/APPS/redaction_tool/app.py:28]
2024-09-16 12:24:13,475 INFO: Redaction tool startup [in /Users/joshpenzell/Documents/APPS/redaction_tool/app.py:28]
2024-09-16 12:24:28,655 INFO: File uploaded: Spoofed_MultiNationalCompany_RFP.docx [in /Users/joshpenzell/Documents/APPS/redaction_tool/app.py:50]
2024-09-19 08:12:00,646 INFO: Redaction tool startup [in /Users/joshpenzell/Documents/APPS/redaction_tool/app.py:28]
2024-09-19 08:12:04,515 INFO: Redaction tool startup [in /Users/joshpenzell/Documents/APPS/redaction_tool/app.py:28]
2024-09-19 09:06:13,687 INFO: File uploaded: Spoofed_TenderBrief.docx [in /Users/joshpenzell/Documents/APPS/redaction_tool/app.py:50]
2024-09-19 09:06:36,697 WARNING: Redaction key not found in suggestions: Paws
Pause 4 Paws [in /Users/joshpenzell/Documents/APPS/redaction_tool/app.py:124]
2024-09-19 09:06:44,867 INFO: File redacted: 8df0534e-763f-4bd4-861a-9c6770575c05_Spoofed_TenderBrief.docx [in /Users/joshpenzell/Documents/APPS/redaction_tool/app.py:231]
2024-09-19 09:08:45,727 INFO: File uploaded: Spoofed_GOV_RFP.docx [in /Users/joshpenzell/Documents/APPS/redaction_tool/app.py:50]
2024-09-19 13:57:00,680 INFO: Redaction tool startup [in /Users/joshpenzell/Documents/APPS/redaction_tool/app.py:28]
2024-09-19 13:57:04,845 INFO: Redaction tool startup [in /Users/joshpenzell/Documents/APPS/redaction_tool/app.py:28]
2024-09-19 13:57:28,657 INFO: File uploaded: Spoofed_GOV_RFP.docx [in /Users/joshpenzell/Documents/APPS/redaction_tool/app.py:50]
2024-09-19 13:58:04,594 WARNING: Redaction key not found in suggestions: .
35% [in /Users/joshpenzell/Documents/APPS/redaction_tool/app.py:124]
2024-09-19 13:58:22,555 INFO: File redacted: 90af980c-d3c0-482c-9748-939363fd2ec8_Spoofed_GOV_RFP.docx [in /Users/joshpenzell/Documents/APPS/redaction_tool/app.py:231]
